08:44:40.972 [main] DEBUG - Save part 'docProps/app.xml'
08:44:40.978 [main] DEBUG - Save part 'docProps/core.xml'
08:44:40.980 [main] DEBUG - Save part 'xl/sharedStrings.xml'
08:44:40.980 [main] DEBUG - Save part 'xl/styles.xml'
08:44:40.980 [main] DEBUG - Save part 'xl/theme/theme1.xml'
08:44:40.980 [main] DEBUG - Save part 'xl/workbook.xml'
08:44:40.981 [main] DEBUG - Save part 'xl/worksheets/sheet1.xml'
08:44:40.983 [main] DEBUG - Save part 'xl/worksheets/sheet2.xml'
08:44:40.983 [main] DEBUG - Save part 'xl/worksheets/sheet3.xml'
08:44:40.983 [main] DEBUG - Save part 'xl/worksheets/sheet4.xml'
08:44:40.985 [main] DEBUG - Save part 'xl/worksheets/sheet5.xml'
08:44:41.002 [main] DEBUG - Parsing relationship: /xl/_rels/workbook.xml.rels
08:44:41.003 [main] DEBUG - Parsing relationship: /xl/worksheets/_rels/sheet1.xml.rels
08:44:41.004 [main] DEBUG - Parsing relationship: /_rels/.rels
08:44:41.028 [main] DEBUG - Save content types part
08:44:41.029 [main] DEBUG - Save package relationships
08:44:41.030 [main] DEBUG - Save part 'docProps/app.xml'
08:44:41.030 [main] DEBUG - Save part 'docProps/core.xml'
08:44:41.031 [main] DEBUG - Save part 'xl/sharedStrings.xml'
08:44:41.031 [main] DEBUG - Save part 'xl/styles.xml'
08:44:41.031 [main] DEBUG - Save part 'xl/theme/theme1.xml'
08:44:41.032 [main] DEBUG - Save part 'xl/workbook.xml'
08:44:41.033 [main] DEBUG - Save part 'xl/worksheets/sheet1.xml'
08:44:41.034 [main] DEBUG - Save part 'xl/worksheets/sheet2.xml'
08:44:41.034 [main] DEBUG - Save part 'xl/worksheets/sheet3.xml'
08:44:41.034 [main] DEBUG - Save part 'xl/worksheets/sheet4.xml'
08:44:41.034 [main] DEBUG - Save part 'xl/worksheets/sheet5.xml'
08:44:41.054 [main] DEBUG - Parsing relationship: /xl/_rels/workbook.xml.rels
08:44:41.054 [main] DEBUG - Parsing relationship: /xl/worksheets/_rels/sheet1.xml.rels
08:44:41.055 [main] DEBUG - Parsing relationship: /_rels/.rels
08:44:41.085 [main] DEBUG - Save content types part
08:44:41.086 [main] DEBUG - Save package relationships
08:44:41.087 [main] DEBUG - Save part 'docProps/app.xml'
08:44:41.088 [main] DEBUG - Save part 'docProps/core.xml'
08:44:41.089 [main] DEBUG - Save part 'xl/sharedStrings.xml'
08:44:41.089 [main] DEBUG - Save part 'xl/styles.xml'
08:44:41.089 [main] DEBUG - Save part 'xl/theme/theme1.xml'
08:44:41.089 [main] DEBUG - Save part 'xl/workbook.xml'
08:44:41.090 [main] DEBUG - Save part 'xl/worksheets/sheet1.xml'
08:44:41.091 [main] DEBUG - Save part 'xl/worksheets/sheet2.xml'
08:44:41.091 [main] DEBUG - Save part 'xl/worksheets/sheet3.xml'
08:44:41.091 [main] DEBUG - Save part 'xl/worksheets/sheet4.xml'
08:44:41.092 [main] DEBUG - Save part 'xl/worksheets/sheet5.xml'
08:44:43.168 [main] INFO  - Returning to Parent Window
08:44:45.302 [main] INFO  - Clearing search box
08:44:45.368 [main] INFO  - Searching values
08:44:45.369 [main] INFO  - Clicking search button
08:44:45.540 [main] INFO  - Clicking See All link
08:44:45.662 [main] DEBUG - Parsing relationship: /xl/_rels/workbook.xml.rels
08:44:45.662 [main] DEBUG - Parsing relationship: /xl/worksheets/_rels/sheet1.xml.rels
08:44:45.663 [main] DEBUG - Parsing relationship: /_rels/.rels
08:44:45.702 [main] DEBUG - Save content types part
08:44:45.703 [main] DEBUG - Save package relationships
08:44:45.704 [main] DEBUG - Save part 'docProps/app.xml'
08:44:45.704 [main] DEBUG - Save part 'docProps/core.xml'
08:44:45.705 [main] DEBUG - Save part 'xl/sharedStrings.xml'
08:44:45.705 [main] DEBUG - Save part 'xl/styles.xml'
08:44:45.705 [main] DEBUG - Save part 'xl/theme/theme1.xml'
08:44:45.706 [main] DEBUG - Save part 'xl/workbook.xml'
08:44:45.706 [main] DEBUG - Save part 'xl/worksheets/sheet1.xml'
08:44:45.707 [main] DEBUG - Save part 'xl/worksheets/sheet2.xml'
08:44:45.707 [main] DEBUG - Save part 'xl/worksheets/sheet3.xml'
08:44:45.707 [main] DEBUG - Save part 'xl/worksheets/sheet4.xml'
08:44:45.708 [main] DEBUG - Save part 'xl/worksheets/sheet5.xml'
08:44:45.726 [main] DEBUG - Parsing relationship: /xl/_rels/workbook.xml.rels
08:44:45.727 [main] DEBUG - Parsing relationship: /xl/worksheets/_rels/sheet1.xml.rels
08:44:45.727 [main] DEBUG - Parsing relationship: /_rels/.rels
08:44:45.756 [main] DEBUG - Save content types part
08:44:45.758 [main] DEBUG - Save package relationships
08:44:45.759 [main] DEBUG - Save part 'docProps/app.xml'
08:44:45.759 [main] DEBUG - Save part 'docProps/core.xml'
08:44:45.760 [main] DEBUG - Save part 'xl/sharedStrings.xml'
08:44:45.761 [main] DEBUG - Save part 'xl/styles.xml'
08:44:45.761 [main] DEBUG - Save part 'xl/theme/theme1.xml'
08:44:45.761 [main] DEBUG - Save part 'xl/workbook.xml'
08:44:45.762 [main] DEBUG - Save part 'xl/worksheets/sheet1.xml'
08:44:45.764 [main] DEBUG - Save part 'xl/worksheets/sheet2.xml'
08:44:45.764 [main] DEBUG - Save part 'xl/worksheets/sheet3.xml'
08:44:45.764 [main] DEBUG - Save part 'xl/worksheets/sheet4.xml'
08:44:45.764 [main] DEBUG - Save part 'xl/worksheets/sheet5.xml'
08:44:45.880 [main] DEBUG - Parsing relationship: /xl/_rels/workbook.xml.rels
08:44:45.880 [main] DEBUG - Parsing relationship: /xl/worksheets/_rels/sheet1.xml.rels
08:44:45.881 [main] DEBUG - Parsing relationship: /_rels/.rels
08:44:45.903 [main] DEBUG - Save content types part
08:44:45.904 [main] DEBUG - Save package relationships
08:44:45.904 [main] DEBUG - Save part 'docProps/app.xml'
08:44:45.905 [main] DEBUG - Save part 'docProps/core.xml'
08:44:45.908 [main] DEBUG - Save part 'xl/sharedStrings.xml'
08:44:45.908 [main] DEBUG - Save part 'xl/styles.xml'
08:44:45.908 [main] DEBUG - Save part 'xl/theme/theme1.xml'
08:44:45.908 [main] DEBUG - Save part 'xl/workbook.xml'
08:44:45.910 [main] DEBUG - Save part 'xl/worksheets/sheet1.xml'
08:44:45.911 [main] DEBUG - Save part 'xl/worksheets/sheet2.xml'
08:44:45.911 [main] DEBUG - Save part 'xl/worksheets/sheet3.xml'
08:44:45.911 [main] DEBUG - Save part 'xl/worksheets/sheet4.xml'
08:44:45.911 [main] DEBUG - Save part 'xl/worksheets/sheet5.xml'
08:44:45.928 [main] DEBUG - Parsing relationship: /xl/_rels/workbook.xml.rels
08:44:45.929 [main] DEBUG - Parsing relationship: /xl/worksheets/_rels/sheet1.xml.rels
08:44:45.929 [main] DEBUG - Parsing relationship: /_rels/.rels
08:44:45.951 [main] DEBUG - Save content types part
08:44:45.953 [main] DEBUG - Save package relationships
08:44:45.954 [main] DEBUG - Save part 'docProps/app.xml'
08:44:45.954 [main] DEBUG - Save part 'docProps/core.xml'
08:44:45.955 [main] DEBUG - Save part 'xl/sharedStrings.xml'
08:44:45.955 [main] DEBUG - Save part 'xl/styles.xml'
08:44:45.955 [main] DEBUG - Save part 'xl/theme/theme1.xml'
08:44:45.956 [main] DEBUG - Save part 'xl/workbook.xml'
08:44:45.957 [main] DEBUG - Save part 'xl/worksheets/sheet1.xml'
08:44:45.957 [main] DEBUG - Save part 'xl/worksheets/sheet2.xml'
08:44:45.958 [main] DEBUG - Save part 'xl/worksheets/sheet3.xml'
08:44:45.958 [main] DEBUG - Save part 'xl/worksheets/sheet4.xml'
08:44:45.958 [main] DEBUG - Save part 'xl/worksheets/sheet5.xml'
08:44:45.982 [main] DEBUG - Parsing relationship: /xl/_rels/workbook.xml.rels
08:44:45.982 [main] DEBUG - Parsing relationship: /xl/worksheets/_rels/sheet1.xml.rels
08:44:45.983 [main] DEBUG - Parsing relationship: /_rels/.rels
08:44:46.005 [main] DEBUG - Save content types part
08:44:46.006 [main] DEBUG - Save package relationships
08:44:46.007 [main] DEBUG - Save part 'docProps/app.xml'
08:44:46.007 [main] DEBUG - Save part 'docProps/core.xml'
08:44:46.007 [main] DEBUG - Save part 'xl/sharedStrings.xml'
08:44:46.008 [main] DEBUG - Save part 'xl/styles.xml'
08:44:46.008 [main] DEBUG - Save part 'xl/theme/theme1.xml'
08:44:46.008 [main] DEBUG - Save part 'xl/workbook.xml'
08:44:46.009 [main] DEBUG - Save part 'xl/worksheets/sheet1.xml'
08:44:46.009 [main] DEBUG - Save part 'xl/worksheets/sheet2.xml'
08:44:46.010 [main] DEBUG - Save part 'xl/worksheets/sheet3.xml'
08:44:46.010 [main] DEBUG - Save part 'xl/worksheets/sheet4.xml'
08:44:46.010 [main] DEBUG - Save part 'xl/worksheets/sheet5.xml'
08:44:46.032 [main] DEBUG - Parsing relationship: /xl/_rels/workbook.xml.rels
08:44:46.032 [main] DEBUG - Parsing relationship: /xl/worksheets/_rels/sheet1.xml.rels
08:44:46.032 [main] DEBUG - Parsing relationship: /_rels/.rels
08:44:46.051 [main] DEBUG - Save content types part
08:44:46.053 [main] DEBUG - Save package relationships
08:44:46.054 [main] DEBUG - Save part 'docProps/app.xml'
08:44:46.054 [main] DEBUG - Save part 'docProps/core.xml'
08:44:46.055 [main] DEBUG - Save part 'xl/sharedStrings.xml'
08:44:46.055 [main] DEBUG - Save part 'xl/styles.xml'
08:44:46.056 [main] DEBUG - Save part 'xl/theme/theme1.xml'
08:44:46.056 [main] DEBUG - Save part 'xl/workbook.xml'
08:44:46.057 [main] DEBUG - Save part 'xl/worksheets/sheet1.xml'
08:44:46.058 [main] DEBUG - Save part 'xl/worksheets/sheet2.xml'
08:44:46.058 [main] DEBUG - Save part 'xl/worksheets/sheet3.xml'
08:44:46.058 [main] DEBUG - Save part 'xl/worksheets/sheet4.xml'
08:44:46.058 [main] DEBUG - Save part 'xl/worksheets/sheet5.xml'
08:44:46.089 [main] DEBUG - Parsing relationship: /xl/_rels/workbook.xml.rels
08:44:46.090 [main] DEBUG - Parsing relationship: /xl/worksheets/_rels/sheet1.xml.rels
08:44:46.090 [main] DEBUG - Parsing relationship: /_rels/.rels
08:44:46.117 [main] DEBUG - Save content types part
08:44:46.118 [main] DEBUG - Save package relationships
08:44:46.119 [main] DEBUG - Save part 'docProps/app.xml'
08:44:46.119 [main] DEBUG - Save part 'docProps/core.xml'
08:44:46.121 [main] DEBUG - Save part 'xl/sharedStrings.xml'
08:44:46.122 [main] DEBUG - Save part 'xl/styles.xml'
08:44:46.122 [main] DEBUG - Save part 'xl/theme/theme1.xml'
08:44:46.122 [main] DEBUG - Save part 'xl/workbook.xml'
08:44:46.123 [main] DEBUG - Save part 'xl/worksheets/sheet1.xml'
08:44:46.124 [main] DEBUG - Save part 'xl/worksheets/sheet2.xml'
08:44:46.124 [main] DEBUG - Save part 'xl/worksheets/sheet3.xml'
08:44:46.124 [main] DEBUG - Save part 'xl/worksheets/sheet4.xml'
08:44:46.124 [main] DEBUG - Save part 'xl/worksheets/sheet5.xml'
08:44:46.142 [main] DEBUG - Parsing relationship: /xl/_rels/workbook.xml.rels
08:44:46.142 [main] DEBUG - Parsing relationship: /xl/worksheets/_rels/sheet1.xml.rels
08:44:46.143 [main] DEBUG - Parsing relationship: /_rels/.rels
08:44:46.174 [main] DEBUG - Save content types part
08:44:46.175 [main] DEBUG - Save package relationships
08:44:46.176 [main] DEBUG - Save part 'docProps/app.xml'
08:44:46.176 [main] DEBUG - Save part 'docProps/core.xml'
08:44:46.178 [main] DEBUG - Save part 'xl/sharedStrings.xml'
08:44:46.178 [main] DEBUG - Save part 'xl/styles.xml'
08:44:46.178 [main] DEBUG - Save part 'xl/theme/theme1.xml'
08:44:46.178 [main] DEBUG - Save part 'xl/workbook.xml'
08:44:46.180 [main] DEBUG - Save part 'xl/worksheets/sheet1.xml'
08:44:46.181 [main] DEBUG - Save part 'xl/worksheets/sheet2.xml'
08:44:46.181 [main] DEBUG - Save part 'xl/worksheets/sheet3.xml'
08:44:46.181 [main] DEBUG - Save part 'xl/worksheets/sheet4.xml'
08:44:46.181 [main] DEBUG - Save part 'xl/worksheets/sheet5.xml'
08:44:46.373 [main] DEBUG - Parsing relationship: /xl/_rels/workbook.xml.rels
08:44:46.373 [main] DEBUG - Parsing relationship: /xl/worksheets/_rels/sheet1.xml.rels
08:44:46.374 [main] DEBUG - Parsing relationship: /_rels/.rels
08:44:46.391 [main] DEBUG - Save content types part
08:44:46.392 [main] DEBUG - Save package relationships
08:44:46.393 [main] DEBUG - Save part 'docProps/app.xml'
08:44:46.393 [main] DEBUG - Save part 'docProps/core.xml'
08:44:46.394 [main] DEBUG - Save part 'xl/sharedStrings.xml'
08:44:46.394 [main] DEBUG - Save part 'xl/styles.xml'
08:44:46.395 [main] DEBUG - Save part 'xl/theme/theme1.xml'
08:44:46.395 [main] DEBUG - Save part 'xl/workbook.xml'
08:44:46.396 [main] DEBUG - Save part 'xl/worksheets/sheet1.xml'
08:44:46.396 [main] DEBUG - Save part 'xl/worksheets/sheet2.xml'
08:44:46.396 [main] DEBUG - Save part 'xl/worksheets/sheet3.xml'
08:44:46.396 [main] DEBUG - Save part 'xl/worksheets/sheet4.xml'
08:44:46.396 [main] DEBUG - Save part 'xl/worksheets/sheet5.xml'
08:44:46.413 [main] DEBUG - Parsing relationship: /xl/_rels/workbook.xml.rels
08:44:46.414 [main] DEBUG - Parsing relationship: /xl/worksheets/_rels/sheet1.xml.rels
08:44:46.414 [main] DEBUG - Parsing relationship: /_rels/.rels
08:44:46.439 [main] DEBUG - Save content types part
08:44:46.440 [main] DEBUG - Save package relationships
08:44:46.441 [main] DEBUG - Save part 'docProps/app.xml'
08:44:46.441 [main] DEBUG - Save part 'docProps/core.xml'
08:44:46.443 [main] DEBUG - Save part 'xl/sharedStrings.xml'
08:44:46.443 [main] DEBUG - Save part 'xl/styles.xml'
08:44:46.443 [main] DEBUG - Save part 'xl/theme/theme1.xml'
08:44:46.444 [main] DEBUG - Save part 'xl/workbook.xml'
08:44:46.446 [main] DEBUG - Save part 'xl/worksheets/sheet1.xml'
08:44:46.448 [main] DEBUG - Save part 'xl/worksheets/sheet2.xml'
08:44:46.448 [main] DEBUG - Save part 'xl/worksheets/sheet3.xml'
08:44:46.448 [main] DEBUG - Save part 'xl/worksheets/sheet4.xml'
08:44:46.449 [main] DEBUG - Save part 'xl/worksheets/sheet5.xml'
08:44:46.480 [main] DEBUG - Parsing relationship: /xl/_rels/workbook.xml.rels
08:44:46.480 [main] DEBUG - Parsing relationship: /xl/worksheets/_rels/sheet1.xml.rels
08:44:46.481 [main] DEBUG - Parsing relationship: /_rels/.rels
08:44:46.502 [main] DEBUG - Save content types part
08:44:46.503 [main] DEBUG - Save package relationships
08:44:46.503 [main] DEBUG - Save part 'docProps/app.xml'
08:44:46.504 [main] DEBUG - Save part 'docProps/core.xml'
08:44:46.504 [main] DEBUG - Save part 'xl/sharedStrings.xml'
08:44:46.505 [main] DEBUG - Save part 'xl/styles.xml'
08:44:46.505 [main] DEBUG - Save part 'xl/theme/theme1.xml'
08:44:46.505 [main] DEBUG - Save part 'xl/workbook.xml'
08:44:46.506 [main] DEBUG - Save part 'xl/worksheets/sheet1.xml'
08:44:46.507 [main] DEBUG - Save part 'xl/worksheets/sheet2.xml'
08:44:46.508 [main] DEBUG - Save part 'xl/worksheets/sheet3.xml'
08:44:46.508 [main] DEBUG - Save part 'xl/worksheets/sheet4.xml'
08:44:46.508 [main] DEBUG - Save part 'xl/worksheets/sheet5.xml'
08:44:46.526 [main] DEBUG - Parsing relationship: /xl/_rels/workbook.xml.rels
08:44:46.527 [main] DEBUG - Parsing relationship: /xl/worksheets/_rels/sheet1.xml.rels
08:44:46.527 [main] DEBUG - Parsing relationship: /_rels/.rels
08:44:46.542 [main] DEBUG - Save content types part
08:44:46.544 [main] DEBUG - Save package relationships
08:44:46.545 [main] DEBUG - Save part 'docProps/app.xml'
08:44:46.545 [main] DEBUG - Save part 'docProps/core.xml'
08:44:46.546 [main] DEBUG - Save part 'xl/sharedStrings.xml'
08:44:46.546 [main] DEBUG - Save part 'xl/styles.xml'
08:44:46.546 [main] DEBUG - Save part 'xl/theme/theme1.xml'
08:44:46.547 [main] DEBUG - Save part 'xl/workbook.xml'
08:44:46.547 [main] DEBUG - Save part 'xl/worksheets/sheet1.xml'
08:44:46.548 [main] DEBUG - Save part 'xl/worksheets/sheet2.xml'
08:44:46.548 [main] DEBUG - Save part 'xl/worksheets/sheet3.xml'
08:44:46.549 [main] DEBUG - Save part 'xl/worksheets/sheet4.xml'
08:44:46.549 [main] DEBUG - Save part 'xl/worksheets/sheet5.xml'
08:44:46.576 [main] DEBUG - Parsing relationship: /xl/_rels/workbook.xml.rels
08:44:46.576 [main] DEBUG - Parsing relationship: /xl/worksheets/_rels/sheet1.xml.rels
08:44:46.577 [main] DEBUG - Parsing relationship: /_rels/.rels
08:44:46.591 [main] DEBUG - Save content types part
08:44:46.592 [main] DEBUG - Save package relationships
08:44:46.592 [main] DEBUG - Save part 'docProps/app.xml'
08:44:46.592 [main] DEBUG - Save part 'docProps/core.xml'
08:44:46.593 [main] DEBUG - Save part 'xl/sharedStrings.xml'
08:44:46.593 [main] DEBUG - Save part 'xl/styles.xml'
08:44:46.593 [main] DEBUG - Save part 'xl/theme/theme1.xml'
08:44:46.594 [main] DEBUG - Save part 'xl/workbook.xml'
08:44:46.594 [main] DEBUG - Save part 'xl/worksheets/sheet1.xml'
08:44:46.595 [main] DEBUG - Save part 'xl/worksheets/sheet2.xml'
08:44:46.595 [main] DEBUG - Save part 'xl/worksheets/sheet3.xml'
08:44:46.595 [main] DEBUG - Save part 'xl/worksheets/sheet4.xml'
08:44:46.595 [main] DEBUG - Save part 'xl/worksheets/sheet5.xml'
08:44:46.612 [main] DEBUG - Parsing relationship: /xl/_rels/workbook.xml.rels
08:44:46.613 [main] DEBUG - Parsing relationship: /xl/worksheets/_rels/sheet1.xml.rels
08:44:46.613 [main] DEBUG - Parsing relationship: /_rels/.rels
08:44:46.626 [main] DEBUG - Save content types part
08:44:46.627 [main] DEBUG - Save package relationships
08:44:46.628 [main] DEBUG - Save part 'docProps/app.xml'
08:44:46.628 [main] DEBUG - Save part 'docProps/core.xml'
08:44:46.629 [main] DEBUG - Save part 'xl/sharedStrings.xml'
08:44:46.630 [main] DEBUG - Save part 'xl/styles.xml'
08:44:46.630 [main] DEBUG - Save part 'xl/theme/theme1.xml'
08:44:46.630 [main] DEBUG - Save part 'xl/workbook.xml'
08:44:46.631 [main] DEBUG - Save part 'xl/worksheets/sheet1.xml'
08:44:46.632 [main] DEBUG - Save part 'xl/worksheets/sheet2.xml'
08:44:46.632 [main] DEBUG - Save part 'xl/worksheets/sheet3.xml'
08:44:46.632 [main] DEBUG - Save part 'xl/worksheets/sheet4.xml'
08:44:46.632 [main] DEBUG - Save part 'xl/worksheets/sheet5.xml'
08:44:46.656 [main] DEBUG - Parsing relationship: /xl/_rels/workbook.xml.rels
08:44:46.656 [main] DEBUG - Parsing relationship: /xl/worksheets/_rels/sheet1.xml.rels
08:44:46.656 [main] DEBUG - Parsing relationship: /_rels/.rels
08:44:46.673 [main] DEBUG - Save content types part
08:44:46.674 [main] DEBUG - Save package relationships
08:44:46.675 [main] DEBUG - Save part 'docProps/app.xml'
08:44:46.675 [main] DEBUG - Save part 'docProps/core.xml'
08:44:46.675 [main] DEBUG - Save part 'xl/sharedStrings.xml'
08:44:46.676 [main] DEBUG - Save part 'xl/styles.xml'
08:44:46.676 [main] DEBUG - Save part 'xl/theme/theme1.xml'
08:44:46.676 [main] DEBUG - Save part 'xl/workbook.xml'
08:44:46.676 [main] DEBUG - Save part 'xl/worksheets/sheet1.xml'
08:44:46.677 [main] DEBUG - Save part 'xl/worksheets/sheet2.xml'
08:44:46.677 [main] DEBUG - Save part 'xl/worksheets/sheet3.xml'
08:44:46.677 [main] DEBUG - Save part 'xl/worksheets/sheet4.xml'
08:44:46.677 [main] DEBUG - Save part 'xl/worksheets/sheet5.xml'
08:44:46.694 [main] DEBUG - Parsing relationship: /xl/_rels/workbook.xml.rels
08:44:46.694 [main] DEBUG - Parsing relationship: /xl/worksheets/_rels/sheet1.xml.rels
08:44:46.695 [main] DEBUG - Parsing relationship: /_rels/.rels
08:44:46.708 [main] DEBUG - Save content types part
08:44:46.709 [main] DEBUG - Save package relationships
08:44:46.709 [main] DEBUG - Save part 'docProps/app.xml'
08:44:46.709 [main] DEBUG - Save part 'docProps/core.xml'
08:44:46.712 [main] DEBUG - Save part 'xl/sharedStrings.xml'
08:44:46.712 [main] DEBUG - Save part 'xl/styles.xml'
08:44:46.712 [main] DEBUG - Save part 'xl/theme/theme1.xml'
08:44:46.712 [main] DEBUG - Save part 'xl/workbook.xml'
08:44:46.714 [main] DEBUG - Save part 'xl/worksheets/sheet1.xml'
08:44:46.714 [main] DEBUG - Save part 'xl/worksheets/sheet2.xml'
08:44:46.714 [main] DEBUG - Save part 'xl/worksheets/sheet3.xml'
08:44:46.714 [main] DEBUG - Save part 'xl/worksheets/sheet4.xml'
08:44:46.715 [main] DEBUG - Save part 'xl/worksheets/sheet5.xml'
08:44:46.739 [main] DEBUG - Parsing relationship: /xl/_rels/workbook.xml.rels
08:44:46.739 [main] DEBUG - Parsing relationship: /xl/worksheets/_rels/sheet1.xml.rels
08:44:46.739 [main] DEBUG - Parsing relationship: /_rels/.rels
08:44:46.754 [main] DEBUG - Save content types part
08:44:46.755 [main] DEBUG - Save package relationships
08:44:46.756 [main] DEBUG - Save part 'docProps/app.xml'
08:44:46.756 [main] DEBUG - Save part 'docProps/core.xml'
08:44:46.756 [main] DEBUG - Save part 'xl/sharedStrings.xml'
08:44:46.757 [main] DEBUG - Save part 'xl/styles.xml'
08:44:46.757 [main] DEBUG - Save part 'xl/theme/theme1.xml'
08:44:46.757 [main] DEBUG - Save part 'xl/workbook.xml'
08:44:46.757 [main] DEBUG - Save part 'xl/worksheets/sheet1.xml'
08:44:46.758 [main] DEBUG - Save part 'xl/worksheets/sheet2.xml'
08:44:46.758 [main] DEBUG - Save part 'xl/worksheets/sheet3.xml'
08:44:46.758 [main] DEBUG - Save part 'xl/worksheets/sheet4.xml'
08:44:46.758 [main] DEBUG - Save part 'xl/worksheets/sheet5.xml'
08:44:46.776 [main] DEBUG - Parsing relationship: /xl/_rels/workbook.xml.rels
08:44:46.776 [main] DEBUG - Parsing relationship: /xl/worksheets/_rels/sheet1.xml.rels
08:44:46.776 [main] DEBUG - Parsing relationship: /_rels/.rels
08:44:46.788 [main] DEBUG - Save content types part
08:44:46.789 [main] DEBUG - Save package relationships
08:44:46.790 [main] DEBUG - Save part 'docProps/app.xml'
08:44:46.790 [main] DEBUG - Save part 'docProps/core.xml'
08:44:46.790 [main] DEBUG - Save part 'xl/sharedStrings.xml'
08:44:46.791 [main] DEBUG - Save part 'xl/styles.xml'
08:44:46.791 [main] DEBUG - Save part 'xl/theme/theme1.xml'
08:44:46.791 [main] DEBUG - Save part 'xl/workbook.xml'
08:44:46.791 [main] DEBUG - Save part 'xl/worksheets/sheet1.xml'
08:44:46.792 [main] DEBUG - Save part 'xl/worksheets/sheet2.xml'
08:44:46.792 [main] DEBUG - Save part 'xl/worksheets/sheet3.xml'
08:44:46.792 [main] DEBUG - Save part 'xl/worksheets/sheet4.xml'
08:44:46.792 [main] DEBUG - Save part 'xl/worksheets/sheet5.xml'
08:44:46.814 [main] DEBUG - Parsing relationship: /xl/_rels/workbook.xml.rels
08:44:46.814 [main] DEBUG - Parsing relationship: /xl/worksheets/_rels/sheet1.xml.rels
08:44:46.815 [main] DEBUG - Parsing relationship: /_rels/.rels
08:44:46.830 [main] DEBUG - Save content types part
08:44:46.831 [main] DEBUG - Save package relationships
08:44:46.832 [main] DEBUG - Save part 'docProps/app.xml'
08:44:46.832 [main] DEBUG - Save part 'docProps/core.xml'
08:44:46.833 [main] DEBUG - Save part 'xl/sharedStrings.xml'
08:44:46.833 [main] DEBUG - Save part 'xl/styles.xml'
08:44:46.834 [main] DEBUG - Save part 'xl/theme/theme1.xml'
08:44:46.834 [main] DEBUG - Save part 'xl/workbook.xml'
08:44:46.834 [main] DEBUG - Save part 'xl/worksheets/sheet1.xml'
08:44:46.835 [main] DEBUG - Save part 'xl/worksheets/sheet2.xml'
08:44:46.835 [main] DEBUG - Save part 'xl/worksheets/sheet3.xml'
08:44:46.835 [main] DEBUG - Save part 'xl/worksheets/sheet4.xml'
08:44:46.835 [main] DEBUG - Save part 'xl/worksheets/sheet5.xml'
08:44:46.854 [main] DEBUG - Parsing relationship: /xl/_rels/workbook.xml.rels
08:44:46.854 [main] DEBUG - Parsing relationship: /xl/worksheets/_rels/sheet1.xml.rels
08:44:46.855 [main] DEBUG - Parsing relationship: /_rels/.rels
08:44:46.869 [main] DEBUG - Save content types part
08:44:46.870 [main] DEBUG - Save package relationships
08:44:46.870 [main] DEBUG - Save part 'docProps/app.xml'
08:44:46.870 [main] DEBUG - Save part 'docProps/core.xml'
08:44:46.872 [main] DEBUG - Save part 'xl/sharedStrings.xml'
08:44:46.872 [main] DEBUG - Save part 'xl/styles.xml'
08:44:46.872 [main] DEBUG - Save part 'xl/theme/theme1.xml'
08:44:46.872 [main] DEBUG - Save part 'xl/workbook.xml'
08:44:46.874 [main] DEBUG - Save part 'xl/worksheets/sheet1.xml'
08:44:46.875 [main] DEBUG - Save part 'xl/worksheets/sheet2.xml'
08:44:46.875 [main] DEBUG - Save part 'xl/worksheets/sheet3.xml'
08:44:46.875 [main] DEBUG - Save part 'xl/worksheets/sheet4.xml'
08:44:46.876 [main] DEBUG - Save part 'xl/worksheets/sheet5.xml'
08:44:46.902 [main] DEBUG - Parsing relationship: /xl/_rels/workbook.xml.rels
08:44:46.902 [main] DEBUG - Parsing relationship: /xl/worksheets/_rels/sheet1.xml.rels
08:44:46.902 [main] DEBUG - Parsing relationship: /_rels/.rels
08:44:46.917 [main] DEBUG - Save content types part
08:44:46.918 [main] DEBUG - Save package relationships
08:44:46.919 [main] DEBUG - Save part 'docProps/app.xml'
08:44:46.919 [main] DEBUG - Save part 'docProps/core.xml'
08:44:46.919 [main] DEBUG - Save part 'xl/sharedStrings.xml'
08:44:46.919 [main] DEBUG - Save part 'xl/styles.xml'
08:44:46.920 [main] DEBUG - Save part 'xl/theme/theme1.xml'
08:44:46.920 [main] DEBUG - Save part 'xl/workbook.xml'
08:44:46.920 [main] DEBUG - Save part 'xl/worksheets/sheet1.xml'
08:44:46.921 [main] DEBUG - Save part 'xl/worksheets/sheet2.xml'
08:44:46.921 [main] DEBUG - Save part 'xl/worksheets/sheet3.xml'
08:44:46.921 [main] DEBUG - Save part 'xl/worksheets/sheet4.xml'
08:44:46.921 [main] DEBUG - Save part 'xl/worksheets/sheet5.xml'
08:44:46.938 [main] DEBUG - Parsing relationship: /xl/_rels/workbook.xml.rels
08:44:46.938 [main] DEBUG - Parsing relationship: /xl/worksheets/_rels/sheet1.xml.rels
08:44:46.939 [main] DEBUG - Parsing relationship: /_rels/.rels
08:44:46.952 [main] DEBUG - Save content types part
08:44:46.953 [main] DEBUG - Save package relationships
08:44:46.953 [main] DEBUG - Save part 'docProps/app.xml'
08:44:46.954 [main] DEBUG - Save part 'docProps/core.xml'
08:44:46.954 [main] DEBUG - Save part 'xl/sharedStrings.xml'
08:44:46.954 [main] DEBUG - Save part 'xl/styles.xml'
08:44:46.955 [main] DEBUG - Save part 'xl/theme/theme1.xml'
08:44:46.955 [main] DEBUG - Save part 'xl/workbook.xml'
08:44:46.956 [main] DEBUG - Save part 'xl/worksheets/sheet1.xml'
08:44:46.956 [main] DEBUG - Save part 'xl/worksheets/sheet2.xml'
08:44:46.956 [main] DEBUG - Save part 'xl/worksheets/sheet3.xml'
08:44:46.956 [main] DEBUG - Save part 'xl/worksheets/sheet4.xml'
08:44:46.956 [main] DEBUG - Save part 'xl/worksheets/sheet5.xml'
08:44:46.989 [main] DEBUG - Parsing relationship: /xl/_rels/workbook.xml.rels
08:44:46.989 [main] DEBUG - Parsing relationship: /xl/worksheets/_rels/sheet1.xml.rels
08:44:46.989 [main] DEBUG - Parsing relationship: /_rels/.rels
08:44:47.005 [main] DEBUG - Save content types part
08:44:47.006 [main] DEBUG - Save package relationships
08:44:47.007 [main] DEBUG - Save part 'docProps/app.xml'
08:44:47.007 [main] DEBUG - Save part 'docProps/core.xml'
08:44:47.008 [main] DEBUG - Save part 'xl/sharedStrings.xml'
08:44:47.008 [main] DEBUG - Save part 'xl/styles.xml'
08:44:47.008 [main] DEBUG - Save part 'xl/theme/theme1.xml'
08:44:47.008 [main] DEBUG - Save part 'xl/workbook.xml'
08:44:47.009 [main] DEBUG - Save part 'xl/worksheets/sheet1.xml'
08:44:47.009 [main] DEBUG - Save part 'xl/worksheets/sheet2.xml'
08:44:47.009 [main] DEBUG - Save part 'xl/worksheets/sheet3.xml'
08:44:47.010 [main] DEBUG - Save part 'xl/worksheets/sheet4.xml'
08:44:47.010 [main] DEBUG - Save part 'xl/worksheets/sheet5.xml'
08:44:47.026 [main] DEBUG - Parsing relationship: /xl/_rels/workbook.xml.rels
08:44:47.026 [main] DEBUG - Parsing relationship: /xl/worksheets/_rels/sheet1.xml.rels
08:44:47.027 [main] DEBUG - Parsing relationship: /_rels/.rels
08:44:47.041 [main] DEBUG - Save content types part
08:44:47.042 [main] DEBUG - Save package relationships
08:44:47.042 [main] DEBUG - Save part 'docProps/app.xml'
08:44:47.043 [main] DEBUG - Save part 'docProps/core.xml'
08:44:47.043 [main] DEBUG - Save part 'xl/sharedStrings.xml'
08:44:47.043 [main] DEBUG - Save part 'xl/styles.xml'
08:44:47.043 [main] DEBUG - Save part 'xl/theme/theme1.xml'
08:44:47.044 [main] DEBUG - Save part 'xl/workbook.xml'
08:44:47.044 [main] DEBUG - Save part 'xl/worksheets/sheet1.xml'
08:44:47.045 [main] DEBUG - Save part 'xl/worksheets/sheet2.xml'
08:44:47.045 [main] DEBUG - Save part 'xl/worksheets/sheet3.xml'
08:44:47.045 [main] DEBUG - Save part 'xl/worksheets/sheet4.xml'
08:44:47.045 [main] DEBUG - Save part 'xl/worksheets/sheet5.xml'
08:44:47.066 [main] DEBUG - Parsing relationship: /xl/_rels/workbook.xml.rels
08:44:47.067 [main] DEBUG - Parsing relationship: /xl/worksheets/_rels/sheet1.xml.rels
08:44:47.067 [main] DEBUG - Parsing relationship: /_rels/.rels
08:44:47.080 [main] DEBUG - Save content types part
08:44:47.081 [main] DEBUG - Save package relationships
08:44:47.081 [main] DEBUG - Save part 'docProps/app.xml'
08:44:47.081 [main] DEBUG - Save part 'docProps/core.xml'
08:44:47.083 [main] DEBUG - Save part 'xl/sharedStrings.xml'
08:44:47.083 [main] DEBUG - Save part 'xl/styles.xml'
08:44:47.083 [main] DEBUG - Save part 'xl/theme/theme1.xml'
08:44:47.084 [main] DEBUG - Save part 'xl/workbook.xml'
08:44:47.084 [main] DEBUG - Save part 'xl/worksheets/sheet1.xml'
08:44:47.085 [main] DEBUG - Save part 'xl/worksheets/sheet2.xml'
08:44:47.085 [main] DEBUG - Save part 'xl/worksheets/sheet3.xml'
08:44:47.085 [main] DEBUG - Save part 'xl/worksheets/sheet4.xml'
08:44:47.085 [main] DEBUG - Save part 'xl/worksheets/sheet5.xml'
08:44:47.102 [main] DEBUG - Parsing relationship: /xl/_rels/workbook.xml.rels
08:44:47.103 [main] DEBUG - Parsing relationship: /xl/worksheets/_rels/sheet1.xml.rels
08:44:47.103 [main] DEBUG - Parsing relationship: /_rels/.rels
08:44:47.114 [main] DEBUG - Save content types part
08:44:47.115 [main] DEBUG - Save package relationships
08:44:47.115 [main] DEBUG - Save part 'docProps/app.xml'
08:44:47.115 [main] DEBUG - Save part 'docProps/core.xml'
08:44:47.116 [main] DEBUG - Save part 'xl/sharedStrings.xml'
08:44:47.116 [main] DEBUG - Save part 'xl/styles.xml'
08:44:47.116 [main] DEBUG - Save part 'xl/theme/theme1.xml'
08:44:47.116 [main] DEBUG - Save part 'xl/workbook.xml'
08:44:47.117 [main] DEBUG - Save part 'xl/worksheets/sheet1.xml'
08:44:47.117 [main] DEBUG - Save part 'xl/worksheets/sheet2.xml'
08:44:47.118 [main] DEBUG - Save part 'xl/worksheets/sheet3.xml'
08:44:47.118 [main] DEBUG - Save part 'xl/worksheets/sheet4.xml'
08:44:47.118 [main] DEBUG - Save part 'xl/worksheets/sheet5.xml'
08:44:47.136 [main] DEBUG - Parsing relationship: /xl/_rels/workbook.xml.rels
08:44:47.137 [main] DEBUG - Parsing relationship: /xl/worksheets/_rels/sheet1.xml.rels
08:44:47.137 [main] DEBUG - Parsing relationship: /_rels/.rels
08:44:47.147 [main] DEBUG - Save content types part
08:44:47.148 [main] DEBUG - Save package relationships
08:44:47.148 [main] DEBUG - Save part 'docProps/app.xml'
08:44:47.148 [main] DEBUG - Save part 'docProps/core.xml'
08:44:47.149 [main] DEBUG - Save part 'xl/sharedStrings.xml'
08:44:47.149 [main] DEBUG - Save part 'xl/styles.xml'
08:44:47.149 [main] DEBUG - Save part 'xl/theme/theme1.xml'
08:44:47.149 [main] DEBUG - Save part 'xl/workbook.xml'
08:44:47.150 [main] DEBUG - Save part 'xl/worksheets/sheet1.xml'
08:44:47.150 [main] DEBUG - Save part 'xl/worksheets/sheet2.xml'
08:44:47.150 [main] DEBUG - Save part 'xl/worksheets/sheet3.xml'
08:44:47.151 [main] DEBUG - Save part 'xl/worksheets/sheet4.xml'
08:44:47.151 [main] DEBUG - Save part 'xl/worksheets/sheet5.xml'
08:44:47.168 [main] DEBUG - Parsing relationship: /xl/_rels/workbook.xml.rels
08:44:47.168 [main] DEBUG - Parsing relationship: /xl/worksheets/_rels/sheet1.xml.rels
08:44:47.169 [main] DEBUG - Parsing relationship: /_rels/.rels
08:44:47.179 [main] DEBUG - Save content types part
08:44:47.180 [main] DEBUG - Save package relationships
08:44:47.180 [main] DEBUG - Save part 'docProps/app.xml'
08:44:47.181 [main] DEBUG - Save part 'docProps/core.xml'
08:44:47.181 [main] DEBUG - Save part 'xl/sharedStrings.xml'
08:44:47.181 [main] DEBUG - Save part 'xl/styles.xml'
08:44:47.181 [main] DEBUG - Save part 'xl/theme/theme1.xml'
08:44:47.182 [main] DEBUG - Save part 'xl/workbook.xml'
08:44:47.182 [main] DEBUG - Save part 'xl/worksheets/sheet1.xml'
08:44:47.183 [main] DEBUG - Save part 'xl/worksheets/sheet2.xml'
08:44:47.183 [main] DEBUG - Save part 'xl/worksheets/sheet3.xml'
08:44:47.183 [main] DEBUG - Save part 'xl/worksheets/sheet4.xml'
08:44:47.183 [main] DEBUG - Save part 'xl/worksheets/sheet5.xml'
08:44:47.204 [main] DEBUG - Parsing relationship: /xl/_rels/workbook.xml.rels
08:44:47.204 [main] DEBUG - Parsing relationship: /xl/worksheets/_rels/sheet1.xml.rels
08:44:47.204 [main] DEBUG - Parsing relationship: /_rels/.rels
08:44:47.216 [main] DEBUG - Save content types part
08:44:47.217 [main] DEBUG - Save package relationships
08:44:47.218 [main] DEBUG - Save part 'docProps/app.xml'
08:44:47.218 [main] DEBUG - Save part 'docProps/core.xml'
08:44:47.220 [main] DEBUG - Save part 'xl/sharedStrings.xml'
08:44:47.220 [main] DEBUG - Save part 'xl/styles.xml'
08:44:47.221 [main] DEBUG - Save part 'xl/theme/theme1.xml'
08:44:47.221 [main] DEBUG - Save part 'xl/workbook.xml'
08:44:47.222 [main] DEBUG - Save part 'xl/worksheets/sheet1.xml'
08:44:47.223 [main] DEBUG - Save part 'xl/worksheets/sheet2.xml'
08:44:47.223 [main] DEBUG - Save part 'xl/worksheets/sheet3.xml'
08:44:47.223 [main] DEBUG - Save part 'xl/worksheets/sheet4.xml'
08:44:47.223 [main] DEBUG - Save part 'xl/worksheets/sheet5.xml'
08:44:47.239 [main] DEBUG - Parsing relationship: /xl/_rels/workbook.xml.rels
08:44:47.239 [main] DEBUG - Parsing relationship: /xl/worksheets/_rels/sheet1.xml.rels
08:44:47.239 [main] DEBUG - Parsing relationship: /_rels/.rels
08:44:47.253 [main] DEBUG - Save content types part
08:44:47.254 [main] DEBUG - Save package relationships
08:44:47.255 [main] DEBUG - Save part 'docProps/app.xml'
08:44:47.255 [main] DEBUG - Save part 'docProps/core.xml'
08:44:47.255 [main] DEBUG - Save part 'xl/sharedStrings.xml'
08:44:47.255 [main] DEBUG - Save part 'xl/styles.xml'
08:44:47.255 [main] DEBUG - Save part 'xl/theme/theme1.xml'
08:44:47.255 [main] DEBUG - Save part 'xl/workbook.xml'
08:44:47.256 [main] DEBUG - Save part 'xl/worksheets/sheet1.xml'
08:44:47.257 [main] DEBUG - Save part 'xl/worksheets/sheet2.xml'
08:44:47.257 [main] DEBUG - Save part 'xl/worksheets/sheet3.xml'
08:44:47.257 [main] DEBUG - Save part 'xl/worksheets/sheet4.xml'
08:44:47.257 [main] DEBUG - Save part 'xl/worksheets/sheet5.xml'
08:44:47.281 [main] DEBUG - Parsing relationship: /xl/_rels/workbook.xml.rels
08:44:47.281 [main] DEBUG - Parsing relationship: /xl/worksheets/_rels/sheet1.xml.rels
08:44:47.281 [main] DEBUG - Parsing relationship: /_rels/.rels
08:44:47.294 [main] DEBUG - Save content types part
08:44:47.295 [main] DEBUG - Save package relationships
08:44:47.295 [main] DEBUG - Save part 'docProps/app.xml'
08:44:47.295 [main] DEBUG - Save part 'docProps/core.xml'
08:44:47.296 [main] DEBUG - Save part 'xl/sharedStrings.xml'
08:44:47.296 [main] DEBUG - Save part 'xl/styles.xml'
08:44:47.296 [main] DEBUG - Save part 'xl/theme/theme1.xml'
08:44:47.296 [main] DEBUG - Save part 'xl/workbook.xml'
08:44:47.297 [main] DEBUG - Save part 'xl/worksheets/sheet1.xml'
08:44:47.297 [main] DEBUG - Save part 'xl/worksheets/sheet2.xml'
08:44:47.297 [main] DEBUG - Save part 'xl/worksheets/sheet3.xml'
08:44:47.298 [main] DEBUG - Save part 'xl/worksheets/sheet4.xml'
08:44:47.298 [main] DEBUG - Save part 'xl/worksheets/sheet5.xml'
08:44:47.318 [main] DEBUG - Parsing relationship: /xl/_rels/workbook.xml.rels
08:44:47.318 [main] DEBUG - Parsing relationship: /xl/worksheets/_rels/sheet1.xml.rels
08:44:47.318 [main] DEBUG - Parsing relationship: /_rels/.rels
08:44:47.328 [main] DEBUG - Save content types part
08:44:47.328 [main] DEBUG - Save package relationships
08:44:47.329 [main] DEBUG - Save part 'docProps/app.xml'
08:44:47.329 [main] DEBUG - Save part 'docProps/core.xml'
08:44:47.330 [main] DEBUG - Save part 'xl/sharedStrings.xml'
08:44:47.330 [main] DEBUG - Save part 'xl/styles.xml'
08:44:47.330 [main] DEBUG - Save part 'xl/theme/theme1.xml'
08:44:47.330 [main] DEBUG - Save part 'xl/workbook.xml'
08:44:47.331 [main] DEBUG - Save part 'xl/worksheets/sheet1.xml'
08:44:47.331 [main] DEBUG - Save part 'xl/worksheets/sheet2.xml'
08:44:47.332 [main] DEBUG - Save part 'xl/worksheets/sheet3.xml'
08:44:47.332 [main] DEBUG - Save part 'xl/worksheets/sheet4.xml'
08:44:47.332 [main] DEBUG - Save part 'xl/worksheets/sheet5.xml'
08:44:47.349 [main] DEBUG - Parsing relationship: /xl/_rels/workbook.xml.rels
08:44:47.349 [main] DEBUG - Parsing relationship: /xl/worksheets/_rels/sheet1.xml.rels
08:44:47.349 [main] DEBUG - Parsing relationship: /_rels/.rels
08:44:47.360 [main] DEBUG - Save content types part
08:44:47.362 [main] DEBUG - Save package relationships
08:44:47.362 [main] DEBUG - Save part 'docProps/app.xml'
08:44:47.362 [main] DEBUG - Save part 'docProps/core.xml'
08:44:47.363 [main] DEBUG - Save part 'xl/sharedStrings.xml'
08:44:47.363 [main] DEBUG - Save part 'xl/styles.xml'
08:44:47.363 [main] DEBUG - Save part 'xl/theme/theme1.xml'
08:44:47.364 [main] DEBUG - Save part 'xl/workbook.xml'
08:44:47.364 [main] DEBUG - Save part 'xl/worksheets/sheet1.xml'
08:44:47.365 [main] DEBUG - Save part 'xl/worksheets/sheet2.xml'
08:44:47.365 [main] DEBUG - Save part 'xl/worksheets/sheet3.xml'
08:44:47.365 [main] DEBUG - Save part 'xl/worksheets/sheet4.xml'
08:44:47.365 [main] DEBUG - Save part 'xl/worksheets/sheet5.xml'
08:44:47.383 [main] DEBUG - Parsing relationship: /xl/_rels/workbook.xml.rels
08:44:47.383 [main] DEBUG - Parsing relationship: /xl/worksheets/_rels/sheet1.xml.rels
08:44:47.384 [main] DEBUG - Parsing relationship: /_rels/.rels
08:44:47.393 [main] DEBUG - Save content types part
08:44:47.394 [main] DEBUG - Save package relationships
08:44:47.395 [main] DEBUG - Save part 'docProps/app.xml'
08:44:47.395 [main] DEBUG - Save part 'docProps/core.xml'
08:44:47.395 [main] DEBUG - Save part 'xl/sharedStrings.xml'
08:44:47.395 [main] DEBUG - Save part 'xl/styles.xml'
08:44:47.396 [main] DEBUG - Save part 'xl/theme/theme1.xml'
08:44:47.396 [main] DEBUG - Save part 'xl/workbook.xml'
08:44:47.396 [main] DEBUG - Save part 'xl/worksheets/sheet1.xml'
08:44:47.397 [main] DEBUG - Save part 'xl/worksheets/sheet2.xml'
08:44:47.397 [main] DEBUG - Save part 'xl/worksheets/sheet3.xml'
08:44:47.397 [main] DEBUG - Save part 'xl/worksheets/sheet4.xml'
08:44:47.397 [main] DEBUG - Save part 'xl/worksheets/sheet5.xml'
08:44:47.417 [main] DEBUG - Parsing relationship: /xl/_rels/workbook.xml.rels
08:44:47.417 [main] DEBUG - Parsing relationship: /xl/worksheets/_rels/sheet1.xml.rels
08:44:47.417 [main] DEBUG - Parsing relationship: /_rels/.rels
08:44:47.427 [main] DEBUG - Save content types part
08:44:47.427 [main] DEBUG - Save package relationships
08:44:47.428 [main] DEBUG - Save part 'docProps/app.xml'
08:44:47.428 [main] DEBUG - Save part 'docProps/core.xml'
08:44:47.429 [main] DEBUG - Save part 'xl/sharedStrings.xml'
08:44:47.429 [main] DEBUG - Save part 'xl/styles.xml'
08:44:47.429 [main] DEBUG - Save part 'xl/theme/theme1.xml'
08:44:47.429 [main] DEBUG - Save part 'xl/workbook.xml'
08:44:47.429 [main] DEBUG - Save part 'xl/worksheets/sheet1.xml'
08:44:47.430 [main] DEBUG - Save part 'xl/worksheets/sheet2.xml'
08:44:47.430 [main] DEBUG - Save part 'xl/worksheets/sheet3.xml'
08:44:47.430 [main] DEBUG - Save part 'xl/worksheets/sheet4.xml'
08:44:47.430 [main] DEBUG - Save part 'xl/worksheets/sheet5.xml'
08:44:47.447 [main] DEBUG - Parsing relationship: /xl/_rels/workbook.xml.rels
08:44:47.448 [main] DEBUG - Parsing relationship: /xl/worksheets/_rels/sheet1.xml.rels
08:44:47.448 [main] DEBUG - Parsing relationship: /_rels/.rels
08:44:47.459 [main] DEBUG - Save content types part
08:44:47.460 [main] DEBUG - Save package relationships
08:44:47.461 [main] DEBUG - Save part 'docProps/app.xml'
08:44:47.461 [main] DEBUG - Save part 'docProps/core.xml'
08:44:47.461 [main] DEBUG - Save part 'xl/sharedStrings.xml'
08:44:47.461 [main] DEBUG - Save part 'xl/styles.xml'
08:44:47.461 [main] DEBUG - Save part 'xl/theme/theme1.xml'
08:44:47.462 [main] DEBUG - Save part 'xl/workbook.xml'
08:44:47.462 [main] DEBUG - Save part 'xl/worksheets/sheet1.xml'
08:44:47.463 [main] DEBUG - Save part 'xl/worksheets/sheet2.xml'
08:44:47.463 [main] DEBUG - Save part 'xl/worksheets/sheet3.xml'
08:44:47.463 [main] DEBUG - Save part 'xl/worksheets/sheet4.xml'
08:44:47.463 [main] DEBUG - Save part 'xl/worksheets/sheet5.xml'
08:44:47.488 [main] DEBUG - Parsing relationship: /xl/_rels/workbook.xml.rels
08:44:47.488 [main] DEBUG - Parsing relationship: /xl/worksheets/_rels/sheet1.xml.rels
08:44:47.489 [main] DEBUG - Parsing relationship: /_rels/.rels
08:44:47.504 [main] DEBUG - Save content types part
08:44:47.505 [main] DEBUG - Save package relationships
08:44:47.506 [main] DEBUG - Save part 'docProps/app.xml'
08:44:47.506 [main] DEBUG - Save part 'docProps/core.xml'
08:44:47.507 [main] DEBUG - Save part 'xl/sharedStrings.xml'
08:44:47.507 [main] DEBUG - Save part 'xl/styles.xml'
08:44:47.508 [main] DEBUG - Save part 'xl/theme/theme1.xml'
08:44:47.508 [main] DEBUG - Save part 'xl/workbook.xml'
08:44:47.509 [main] DEBUG - Save part 'xl/worksheets/sheet1.xml'
08:44:47.509 [main] DEBUG - Save part 'xl/worksheets/sheet2.xml'
08:44:47.509 [main] DEBUG - Save part 'xl/worksheets/sheet3.xml'
08:44:47.510 [main] DEBUG - Save part 'xl/worksheets/sheet4.xml'
08:44:47.510 [main] DEBUG - Save part 'xl/worksheets/sheet5.xml'
08:44:47.525 [main] DEBUG - Parsing relationship: /xl/_rels/workbook.xml.rels
08:44:47.525 [main] DEBUG - Parsing relationship: /xl/worksheets/_rels/sheet1.xml.rels
08:44:47.525 [main] DEBUG - Parsing relationship: /_rels/.rels
08:44:47.539 [main] DEBUG - Save content types part
08:44:47.540 [main] DEBUG - Save package relationships
08:44:47.540 [main] DEBUG - Save part 'docProps/app.xml'
08:44:47.540 [main] DEBUG - Save part 'docProps/core.xml'
08:44:47.541 [main] DEBUG - Save part 'xl/sharedStrings.xml'
08:44:47.541 [main] DEBUG - Save part 'xl/styles.xml'
08:44:47.541 [main] DEBUG - Save part 'xl/theme/theme1.xml'
08:44:47.541 [main] DEBUG - Save part 'xl/workbook.xml'
08:44:47.542 [main] DEBUG - Save part 'xl/worksheets/sheet1.xml'
08:44:47.542 [main] DEBUG - Save part 'xl/worksheets/sheet2.xml'
08:44:47.543 [main] DEBUG - Save part 'xl/worksheets/sheet3.xml'
08:44:47.543 [main] DEBUG - Save part 'xl/worksheets/sheet4.xml'
08:44:47.543 [main] DEBUG - Save part 'xl/worksheets/sheet5.xml'
08:44:47.565 [main] DEBUG - Parsing relationship: /xl/_rels/workbook.xml.rels
08:44:47.565 [main] DEBUG - Parsing relationship: /xl/worksheets/_rels/sheet1.xml.rels
08:44:47.565 [main] DEBUG - Parsing relationship: /_rels/.rels
08:44:47.576 [main] DEBUG - Save content types part
08:44:47.577 [main] DEBUG - Save package relationships
08:44:47.578 [main] DEBUG - Save part 'docProps/app.xml'
08:44:47.578 [main] DEBUG - Save part 'docProps/core.xml'
08:44:47.578 [main] DEBUG - Save part 'xl/sharedStrings.xml'
08:44:47.581 [main] DEBUG - Save part 'xl/styles.xml'
08:44:47.581 [main] DEBUG - Save part 'xl/theme/theme1.xml'
08:44:47.582 [main] DEBUG - Save part 'xl/workbook.xml'
08:44:47.583 [main] DEBUG - Save part 'xl/worksheets/sheet1.xml'
08:44:47.584 [main] DEBUG - Save part 'xl/worksheets/sheet2.xml'
08:44:47.584 [main] DEBUG - Save part 'xl/worksheets/sheet3.xml'
08:44:47.584 [main] DEBUG - Save part 'xl/worksheets/sheet4.xml'
08:44:47.584 [main] DEBUG - Save part 'xl/worksheets/sheet5.xml'
08:44:47.601 [main] DEBUG - Parsing relationship: /xl/_rels/workbook.xml.rels
08:44:47.601 [main] DEBUG - Parsing relationship: /xl/worksheets/_rels/sheet1.xml.rels
08:44:47.601 [main] DEBUG - Parsing relationship: /_rels/.rels
08:44:47.612 [main] DEBUG - Save content types part
08:44:47.613 [main] DEBUG - Save package relationships
08:44:47.613 [main] DEBUG - Save part 'docProps/app.xml'
08:44:47.614 [main] DEBUG - Save part 'docProps/core.xml'
08:44:47.614 [main] DEBUG - Save part 'xl/sharedStrings.xml'
08:44:47.614 [main] DEBUG - Save part 'xl/styles.xml'
08:44:47.614 [main] DEBUG - Save part 'xl/theme/theme1.xml'
08:44:47.614 [main] DEBUG - Save part 'xl/workbook.xml'
08:44:47.615 [main] DEBUG - Save part 'xl/worksheets/sheet1.xml'
08:44:47.615 [main] DEBUG - Save part 'xl/worksheets/sheet2.xml'
08:44:47.615 [main] DEBUG - Save part 'xl/worksheets/sheet3.xml'
08:44:47.615 [main] DEBUG - Save part 'xl/worksheets/sheet4.xml'
08:44:47.616 [main] DEBUG - Save part 'xl/worksheets/sheet5.xml'
08:44:47.633 [main] DEBUG - Parsing relationship: /xl/_rels/workbook.xml.rels
08:44:47.634 [main] DEBUG - Parsing relationship: /xl/worksheets/_rels/sheet1.xml.rels
08:44:47.634 [main] DEBUG - Parsing relationship: /_rels/.rels
08:44:47.645 [main] DEBUG - Save content types part
08:44:47.645 [main] DEBUG - Save package relationships
08:44:47.646 [main] DEBUG - Save part 'docProps/app.xml'
08:44:47.646 [main] DEBUG - Save part 'docProps/core.xml'
08:44:47.646 [main] DEBUG - Save part 'xl/sharedStrings.xml'
08:44:47.646 [main] DEBUG - Save part 'xl/styles.xml'
08:44:47.647 [main] DEBUG - Save part 'xl/theme/theme1.xml'
08:44:47.647 [main] DEBUG - Save part 'xl/workbook.xml'
08:44:47.647 [main] DEBUG - Save part 'xl/worksheets/sheet1.xml'
08:44:47.648 [main] DEBUG - Save part 'xl/worksheets/sheet2.xml'
08:44:47.648 [main] DEBUG - Save part 'xl/worksheets/sheet3.xml'
08:44:47.648 [main] DEBUG - Save part 'xl/worksheets/sheet4.xml'
08:44:47.648 [main] DEBUG - Save part 'xl/worksheets/sheet5.xml'
08:44:47.663 [main] DEBUG - Parsing relationship: /xl/_rels/workbook.xml.rels
08:44:47.664 [main] DEBUG - Parsing relationship: /xl/worksheets/_rels/sheet1.xml.rels
08:44:47.664 [main] DEBUG - Parsing relationship: /_rels/.rels
08:44:47.675 [main] DEBUG - Save content types part
08:44:47.675 [main] DEBUG - Save package relationships
08:44:47.676 [main] DEBUG - Save part 'docProps/app.xml'
08:44:47.676 [main] DEBUG - Save part 'docProps/core.xml'
08:44:47.676 [main] DEBUG - Save part 'xl/sharedStrings.xml'
08:44:47.677 [main] DEBUG - Save part 'xl/styles.xml'
08:44:47.677 [main] DEBUG - Save part 'xl/theme/theme1.xml'
08:44:47.677 [main] DEBUG - Save part 'xl/workbook.xml'
08:44:47.677 [main] DEBUG - Save part 'xl/worksheets/sheet1.xml'
08:44:47.678 [main] DEBUG - Save part 'xl/worksheets/sheet2.xml'
08:44:47.678 [main] DEBUG - Save part 'xl/worksheets/sheet3.xml'
08:44:47.678 [main] DEBUG - Save part 'xl/worksheets/sheet4.xml'
08:44:47.678 [main] DEBUG - Save part 'xl/worksheets/sheet5.xml'
08:44:47.679 [main] INFO  - Extracting Languages
08:44:47.752 [main] INFO  - Closing See All section
08:44:47.827 [main] DEBUG - Parsing relationship: /xl/_rels/workbook.xml.rels
08:44:47.828 [main] DEBUG - Parsing relationship: /xl/worksheets/_rels/sheet1.xml.rels
08:44:47.828 [main] DEBUG - Parsing relationship: /_rels/.rels
08:44:47.837 [main] DEBUG - Save content types part
08:44:47.837 [main] DEBUG - Save package relationships
08:44:47.838 [main] DEBUG - Save part 'docProps/app.xml'
08:44:47.838 [main] DEBUG - Save part 'docProps/core.xml'
08:44:47.839 [main] DEBUG - Save part 'xl/sharedStrings.xml'
08:44:47.839 [main] DEBUG - Save part 'xl/styles.xml'
08:44:47.839 [main] DEBUG - Save part 'xl/theme/theme1.xml'
08:44:47.839 [main] DEBUG - Save part 'xl/workbook.xml'
08:44:47.839 [main] DEBUG - Save part 'xl/worksheets/sheet1.xml'
08:44:47.840 [main] DEBUG - Save part 'xl/worksheets/sheet2.xml'
08:44:47.840 [main] DEBUG - Save part 'xl/worksheets/sheet3.xml'
08:44:47.840 [main] DEBUG - Save part 'xl/worksheets/sheet4.xml'
08:44:47.840 [main] DEBUG - Save part 'xl/worksheets/sheet5.xml'
08:44:47.857 [main] DEBUG - Parsing relationship: /xl/_rels/workbook.xml.rels
08:44:47.857 [main] DEBUG - Parsing relationship: /xl/worksheets/_rels/sheet1.xml.rels
08:44:47.858 [main] DEBUG - Parsing relationship: /_rels/.rels
08:44:47.866 [main] DEBUG - Save content types part
08:44:47.868 [main] DEBUG - Save package relationships
08:44:47.868 [main] DEBUG - Save part 'docProps/app.xml'
08:44:47.868 [main] DEBUG - Save part 'docProps/core.xml'
08:44:47.868 [main] DEBUG - Save part 'xl/sharedStrings.xml'
08:44:47.868 [main] DEBUG - Save part 'xl/styles.xml'
08:44:47.868 [main] DEBUG - Save part 'xl/theme/theme1.xml'
08:44:47.868 [main] DEBUG - Save part 'xl/workbook.xml'
08:44:47.869 [main] DEBUG - Save part 'xl/worksheets/sheet1.xml'
08:44:47.869 [main] DEBUG - Save part 'xl/worksheets/sheet2.xml'
08:44:47.869 [main] DEBUG - Save part 'xl/worksheets/sheet3.xml'
08:44:47.869 [main] DEBUG - Save part 'xl/worksheets/sheet4.xml'
08:44:47.869 [main] DEBUG - Save part 'xl/worksheets/sheet5.xml'
08:44:47.885 [main] DEBUG - Parsing relationship: /xl/_rels/workbook.xml.rels
08:44:47.885 [main] DEBUG - Parsing relationship: /xl/worksheets/_rels/sheet1.xml.rels
08:44:47.885 [main] DEBUG - Parsing relationship: /_rels/.rels
08:44:47.896 [main] DEBUG - Save content types part
08:44:47.896 [main] DEBUG - Save package relationships
08:44:47.897 [main] DEBUG - Save part 'docProps/app.xml'
08:44:47.897 [main] DEBUG - Save part 'docProps/core.xml'
08:44:47.897 [main] DEBUG - Save part 'xl/sharedStrings.xml'
08:44:47.897 [main] DEBUG - Save part 'xl/styles.xml'
08:44:47.898 [main] DEBUG - Save part 'xl/theme/theme1.xml'
08:44:47.898 [main] DEBUG - Save part 'xl/workbook.xml'
08:44:47.898 [main] DEBUG - Save part 'xl/worksheets/sheet1.xml'
08:44:47.899 [main] DEBUG - Save part 'xl/worksheets/sheet2.xml'
08:44:47.899 [main] DEBUG - Save part 'xl/worksheets/sheet3.xml'
08:44:47.899 [main] DEBUG - Save part 'xl/worksheets/sheet4.xml'
08:44:47.899 [main] DEBUG - Save part 'xl/worksheets/sheet5.xml'
08:44:47.915 [main] DEBUG - Parsing relationship: /xl/_rels/workbook.xml.rels
08:44:47.916 [main] DEBUG - Parsing relationship: /xl/worksheets/_rels/sheet1.xml.rels
08:44:47.916 [main] DEBUG - Parsing relationship: /_rels/.rels
08:44:47.927 [main] DEBUG - Save content types part
08:44:47.928 [main] DEBUG - Save package relationships
08:44:47.928 [main] DEBUG - Save part 'docProps/app.xml'
08:44:47.928 [main] DEBUG - Save part 'docProps/core.xml'
08:44:47.929 [main] DEBUG - Save part 'xl/sharedStrings.xml'
08:44:47.929 [main] DEBUG - Save part 'xl/styles.xml'
08:44:47.929 [main] DEBUG - Save part 'xl/theme/theme1.xml'
08:44:47.929 [main] DEBUG - Save part 'xl/workbook.xml'
08:44:47.930 [main] DEBUG - Save part 'xl/worksheets/sheet1.xml'
08:44:47.930 [main] DEBUG - Save part 'xl/worksheets/sheet2.xml'
08:44:47.930 [main] DEBUG - Save part 'xl/worksheets/sheet3.xml'
08:44:47.930 [main] DEBUG - Save part 'xl/worksheets/sheet4.xml'
