08:44:47.930 [main] DEBUG - Save part 'xl/worksheets/sheet5.xml'
08:44:47.949 [main] DEBUG - Parsing relationship: /xl/_rels/workbook.xml.rels
08:44:47.949 [main] DEBUG - Parsing relationship: /xl/worksheets/_rels/sheet1.xml.rels
08:44:47.949 [main] DEBUG - Parsing relationship: /_rels/.rels
08:44:47.958 [main] DEBUG - Save content types part
08:44:47.959 [main] DEBUG - Save package relationships
08:44:47.959 [main] DEBUG - Save part 'docProps/app.xml'
08:44:47.959 [main] DEBUG - Save part 'docProps/core.xml'
08:44:47.959 [main] DEBUG - Save part 'xl/sharedStrings.xml'
08:44:47.960 [main] DEBUG - Save part 'xl/styles.xml'
08:44:47.960 [main] DEBUG - Save part 'xl/theme/theme1.xml'
08:44:47.960 [main] DEBUG - Save part 'xl/workbook.xml'
08:44:47.961 [main] DEBUG - Save part 'xl/worksheets/sheet1.xml'
08:44:47.961 [main] DEBUG - Save part 'xl/worksheets/sheet2.xml'
08:44:47.961 [main] DEBUG - Save part 'xl/worksheets/sheet3.xml'
08:44:47.961 [main] DEBUG - Save part 'xl/worksheets/sheet4.xml'
08:44:47.961 [main] DEBUG - Save part 'xl/worksheets/sheet5.xml'
08:44:47.977 [main] DEBUG - Parsing relationship: /xl/_rels/workbook.xml.rels
08:44:47.977 [main] DEBUG - Parsing relationship: /xl/worksheets/_rels/sheet1.xml.rels
08:44:47.977 [main] DEBUG - Parsing relationship: /_rels/.rels
08:44:47.988 [main] DEBUG - Save content types part
08:44:47.989 [main] DEBUG - Save package relationships
08:44:47.989 [main] DEBUG - Save part 'docProps/app.xml'
08:44:47.989 [main] DEBUG - Save part 'docProps/core.xml'
08:44:47.990 [main] DEBUG - Save part 'xl/sharedStrings.xml'
08:44:47.990 [main] DEBUG - Save part 'xl/styles.xml'
08:44:47.990 [main] DEBUG - Save part 'xl/theme/theme1.xml'
08:44:47.990 [main] DEBUG - Save part 'xl/workbook.xml'
08:44:47.991 [main] DEBUG - Save part 'xl/worksheets/sheet1.xml'
08:44:47.991 [main] DEBUG - Save part 'xl/worksheets/sheet2.xml'
08:44:47.991 [main] DEBUG - Save part 'xl/worksheets/sheet3.xml'
08:44:47.991 [main] DEBUG - Save part 'xl/worksheets/sheet4.xml'
08:44:47.992 [main] DEBUG - Save part 'xl/worksheets/sheet5.xml'
08:44:48.009 [main] DEBUG - Parsing relationship: /xl/_rels/workbook.xml.rels
08:44:48.009 [main] DEBUG - Parsing relationship: /xl/worksheets/_rels/sheet1.xml.rels
08:44:48.009 [main] DEBUG - Parsing relationship: /_rels/.rels
08:44:48.019 [main] DEBUG - Save content types part
08:44:48.020 [main] DEBUG - Save package relationships
08:44:48.021 [main] DEBUG - Save part 'docProps/app.xml'
08:44:48.021 [main] DEBUG - Save part 'docProps/core.xml'
08:44:48.021 [main] DEBUG - Save part 'xl/sharedStrings.xml'
08:44:48.021 [main] DEBUG - Save part 'xl/styles.xml'
08:44:48.021 [main] DEBUG - Save part 'xl/theme/theme1.xml'
08:44:48.021 [main] DEBUG - Save part 'xl/workbook.xml'
08:44:48.022 [main] DEBUG - Save part 'xl/worksheets/sheet1.xml'
08:44:48.022 [main] DEBUG - Save part 'xl/worksheets/sheet2.xml'
08:44:48.022 [main] DEBUG - Save part 'xl/worksheets/sheet3.xml'
08:44:48.023 [main] DEBUG - Save part 'xl/worksheets/sheet4.xml'
08:44:48.023 [main] DEBUG - Save part 'xl/worksheets/sheet5.xml'
08:44:48.041 [main] DEBUG - Parsing relationship: /xl/_rels/workbook.xml.rels
08:44:48.041 [main] DEBUG - Parsing relationship: /xl/worksheets/_rels/sheet1.xml.rels
08:44:48.041 [main] DEBUG - Parsing relationship: /_rels/.rels
08:44:48.051 [main] DEBUG - Save content types part
08:44:48.051 [main] DEBUG - Save package relationships
08:44:48.052 [main] DEBUG - Save part 'docProps/app.xml'
08:44:48.052 [main] DEBUG - Save part 'docProps/core.xml'
08:44:48.052 [main] DEBUG - Save part 'xl/sharedStrings.xml'
08:44:48.052 [main] DEBUG - Save part 'xl/styles.xml'
08:44:48.053 [main] DEBUG - Save part 'xl/theme/theme1.xml'
08:44:48.053 [main] DEBUG - Save part 'xl/workbook.xml'
08:44:48.053 [main] DEBUG - Save part 'xl/worksheets/sheet1.xml'
08:44:48.054 [main] DEBUG - Save part 'xl/worksheets/sheet2.xml'
08:44:48.054 [main] DEBUG - Save part 'xl/worksheets/sheet3.xml'
08:44:48.054 [main] DEBUG - Save part 'xl/worksheets/sheet4.xml'
08:44:48.054 [main] DEBUG - Save part 'xl/worksheets/sheet5.xml'
08:44:48.054 [main] INFO  - Extracting Difficulty levels
08:44:48.055 [main] INFO  - Clicking Home Button
08:46:14.899 [main] DEBUG - Parsing relationship: /xl/_rels/workbook.xml.rels
08:46:14.900 [main] DEBUG - Parsing relationship: /xl/worksheets/_rels/sheet1.xml.rels
08:46:14.901 [main] DEBUG - Parsing relationship: /_rels/.rels
08:46:14.915 [main] DEBUG - Save content types part
08:46:14.915 [main] DEBUG - Save package relationships
08:46:14.916 [main] DEBUG - Save part 'docProps/app.xml'
08:46:14.916 [main] DEBUG - Save part 'docProps/core.xml'
08:46:14.918 [main] DEBUG - Save part 'xl/sharedStrings.xml'
08:46:14.919 [main] DEBUG - Save part 'xl/styles.xml'
08:46:14.920 [main] DEBUG - Save part 'xl/theme/theme1.xml'
08:46:14.920 [main] DEBUG - Save part 'xl/workbook.xml'
08:46:14.922 [main] DEBUG - Save part 'xl/worksheets/sheet1.xml'
08:46:14.923 [main] DEBUG - Save part 'xl/worksheets/sheet2.xml'
08:46:14.923 [main] DEBUG - Save part 'xl/worksheets/sheet3.xml'
08:46:14.923 [main] DEBUG - Save part 'xl/worksheets/sheet4.xml'
08:46:14.923 [main] DEBUG - Save part 'xl/worksheets/sheet5.xml'
08:46:14.949 [main] DEBUG - Parsing relationship: /xl/_rels/workbook.xml.rels
08:46:14.950 [main] DEBUG - Parsing relationship: /xl/worksheets/_rels/sheet1.xml.rels
08:46:14.950 [main] DEBUG - Parsing relationship: /_rels/.rels
08:46:14.963 [main] DEBUG - Save content types part
08:46:14.964 [main] DEBUG - Save package relationships
08:46:14.964 [main] DEBUG - Save part 'docProps/app.xml'
08:46:14.964 [main] DEBUG - Save part 'docProps/core.xml'
08:46:14.965 [main] DEBUG - Save part 'xl/sharedStrings.xml'
08:46:14.965 [main] DEBUG - Save part 'xl/styles.xml'
08:46:14.965 [main] DEBUG - Save part 'xl/theme/theme1.xml'
08:46:14.966 [main] DEBUG - Save part 'xl/workbook.xml'
08:46:14.966 [main] DEBUG - Save part 'xl/worksheets/sheet1.xml'
08:46:14.967 [main] DEBUG - Save part 'xl/worksheets/sheet2.xml'
08:46:14.967 [main] DEBUG - Save part 'xl/worksheets/sheet3.xml'
08:46:14.968 [main] DEBUG - Save part 'xl/worksheets/sheet4.xml'
08:46:14.968 [main] DEBUG - Save part 'xl/worksheets/sheet5.xml'
08:46:15.159 [main] INFO  - Taking screenshot
08:46:15.160 [main] INFO  - Quitting the website
09:17:57.136 [main] INFO  - Website is opened
09:18:00.358 [main] INFO  - Clicking search button
09:18:38.006 [main] INFO  - Clicking English checkbox
09:18:41.039 [main] INFO  - Quitting the website
